[  589801ms] [ERROR] Failed to load resource: the server responded with a status of 404 (Not Found) @ http://localhost:5500/assets/icons/laurel-circle.png:0
[  589876ms] [ERROR] Failed to load resource: the server responded with a status of 404 (Not Found) @ http://localhost:5500/assets/icons/laurel-circle.png:0
[  610576ms] [ERROR] Failed to load resource: the server responded with a status of 404 (Not Found) @ http://localhost:5500/assets/icons/laurel-circle.png:0
[  626523ms] [ERROR] Failed to load resource: the server responded with a status of 404 (Not Found) @ http://localhost:5500/assets/icons/laurel-circle.png:0
[  640745ms] [ERROR] Failed to load resource: the server responded with a status of 404 (Not Found) @ http://localhost:5500/assets/icons/laurel-circle.png:0
[  647383ms] [ERROR] Failed to load resource: the server responded with a status of 404 (Not Found) @ http://localhost:5500/assets/icons/laurel-circle.png:0
[  661146ms] [ERROR] Failed to load resource: the server responded with a status of 404 (Not Found) @ http://localhost:5500/js/content.js:0
[  661147ms] [ERROR] Refused to execute script from 'http://localhost:5500/js/content.js' because its MIME type ('text/html') is not executable, and strict MIME type checking is enabled. @ http://localhost:5500/index.html:167
[  661149ms] [ERROR] Failed to load resource: the server responded with a status of 404 (Not Found) @ http://localhost:5500/assets/icons/laurel-circle.png:0
[  699353ms] [ERROR] Failed to load resource: the server responded with a status of 404 (Not Found) @ http://localhost:5500/assets/icons/laurel-circle.png:0
[10481472ms] [ERROR] Failed to load resource: the server responded with a status of 404 (Not Found) @ http://localhost:5500/js/content.js:0
[10481473ms] [ERROR] Refused to execute script from 'http://localhost:5500/js/content.js' because its MIME type ('text/html') is not executable, and strict MIME type checking is enabled. @ http://localhost:5500/index.html:0
[10482000ms] [ERROR] Failed to load resource: the server responded with a status of 404 (Not Found) @ http://localhost:5500/js/content.js:0
[10482000ms] [ERROR] Refused to execute script from 'http://localhost:5500/js/content.js' because its MIME type ('text/html') is not executable, and strict MIME type checking is enabled. @ http://localhost:5500/index.html:0
[10498096ms] [ERROR] Failed to load resource: the server responded with a status of 404 (Not Found) @ http://localhost:5500/js/content.js:0
[10498096ms] [ERROR] Refused to execute script from 'http://localhost:5500/js/content.js' because its MIME type ('text/html') is not executable, and strict MIME type checking is enabled. @ http://localhost:5500/index.html:172
[10512526ms] [ERROR] Failed to load resource: the server responded with a status of 404 (Not Found) @ http://localhost:5500/js/content.js:0
[10512526ms] [ERROR] Refused to execute script from 'http://localhost:5500/js/content.js' because its MIME type ('text/html') is not executable, and strict MIME type checking is enabled. @ http://localhost:5500/index.html:0
[10546929ms] [ERROR] Failed to load resource: the server responded with a status of 404 (Not Found) @ http://localhost:5500/js/content.js:0
[10546929ms] [ERROR] Refused to execute script from 'http://localhost:5500/js/content.js' because its MIME type ('text/html') is not executable, and strict MIME type checking is enabled. @ http://localhost:5500/index.html:172
[10552552ms] [ERROR] Failed to load resource: the server responded with a status of 404 (Not Found) @ http://localhost:5500/js/content.js:0
[10552552ms] [ERROR] Refused to execute script from 'http://localhost:5500/js/content.js' because its MIME type ('text/html') is not executable, and strict MIME type checking is enabled. @ http://localhost:5500/index.html:172
